<?xml version="1.0" encoding="UTF-8"?>
<testng-results ignored="0" total="1" passed="1" failed="0" skipped="0">
  <reporter-output>
    <line>
      <![CDATA[no of rows are:::10]]>
    </line>
    <line>
      <![CDATA[login sucesses:::dashboard http://orangehrm.qedgetech.com/symfony/web/index.php/dashboard]]>
    </line>
    <line>
      <![CDATA[login failed:::dashboard http://orangehrm.qedgetech.com/symfony/web/index.php/auth/validateCredentials]]>
    </line>
    <line>
      <![CDATA[login failed:::dashboard http://orangehrm.qedgetech.com/symfony/web/index.php/auth/validateCredentials]]>
    </line>
    <line>
      <![CDATA[login failed:::dashboard http://orangehrm.qedgetech.com/symfony/web/index.php/auth/login]]>
    </line>
    <line>
      <![CDATA[login sucesses:::dashboard http://orangehrm.qedgetech.com/symfony/web/index.php/dashboard]]>
    </line>
    <line>
      <![CDATA[login failed:::dashboard http://orangehrm.qedgetech.com/symfony/web/index.php/auth/login]]>
    </line>
    <line>
      <![CDATA[login sucesses:::dashboard http://orangehrm.qedgetech.com/symfony/web/index.php/dashboard]]>
    </line>
    <line>
      <![CDATA[login failed:::dashboard http://orangehrm.qedgetech.com/symfony/web/index.php/auth/login]]>
    </line>
    <line>
      <![CDATA[login failed:::dashboard http://orangehrm.qedgetech.com/symfony/web/index.php/auth/validateCredentials]]>
    </line>
    <line>
      <![CDATA[login sucesses:::dashboard http://orangehrm.qedgetech.com/symfony/web/index.php/dashboard]]>
    </line>
  </reporter-output>
  <suite started-at="2023-09-24T18:08:26 IST" name="Default suite" finished-at="2023-09-24T18:08:49 IST" duration-ms="23228">
    <groups>
    </groups>
    <test started-at="2023-09-24T18:08:26 IST" name="Default test" finished-at="2023-09-24T18:08:49 IST" duration-ms="23228">
      <class name="driverfactory.driverscripts">
        <test-method is-config="true" signature="setup()[pri:0, instance:driverfactory.driverscripts@1caa0244]" started-at="2023-09-24T18:08:26 IST" name="setup" finished-at="2023-09-24T18:08:32 IST" duration-ms="6365" status="PASS">
          <reporter-output>
          </reporter-output>
        </test-method> <!-- setup -->
        <test-method signature="startTest()[pri:0, instance:driverfactory.driverscripts@1caa0244]" started-at="2023-09-24T18:08:32 IST" name="startTest" finished-at="2023-09-24T18:08:48 IST" duration-ms="15262" status="PASS">
          <reporter-output>
            <line>
              <![CDATA[no of rows are:::10]]>
            </line>
            <line>
              <![CDATA[login sucesses:::dashboard http://orangehrm.qedgetech.com/symfony/web/index.php/dashboard]]>
            </line>
            <line>
              <![CDATA[login failed:::dashboard http://orangehrm.qedgetech.com/symfony/web/index.php/auth/validateCredentials]]>
            </line>
            <line>
              <![CDATA[login failed:::dashboard http://orangehrm.qedgetech.com/symfony/web/index.php/auth/validateCredentials]]>
            </line>
            <line>
              <![CDATA[login failed:::dashboard http://orangehrm.qedgetech.com/symfony/web/index.php/auth/login]]>
            </line>
            <line>
              <![CDATA[login sucesses:::dashboard http://orangehrm.qedgetech.com/symfony/web/index.php/dashboard]]>
            </line>
            <line>
              <![CDATA[login failed:::dashboard http://orangehrm.qedgetech.com/symfony/web/index.php/auth/login]]>
            </line>
            <line>
              <![CDATA[login sucesses:::dashboard http://orangehrm.qedgetech.com/symfony/web/index.php/dashboard]]>
            </line>
            <line>
              <![CDATA[login failed:::dashboard http://orangehrm.qedgetech.com/symfony/web/index.php/auth/login]]>
            </line>
            <line>
              <![CDATA[login failed:::dashboard http://orangehrm.qedgetech.com/symfony/web/index.php/auth/validateCredentials]]>
            </line>
            <line>
              <![CDATA[login sucesses:::dashboard http://orangehrm.qedgetech.com/symfony/web/index.php/dashboard]]>
            </line>
          </reporter-output>
        </test-method> <!-- startTest -->
        <test-method is-config="true" signature="teardown()[pri:0, instance:driverfactory.driverscripts@1caa0244]" started-at="2023-09-24T18:08:48 IST" name="teardown" finished-at="2023-09-24T18:08:49 IST" duration-ms="1541" status="PASS">
          <reporter-output>
          </reporter-output>
        </test-method> <!-- teardown -->
      </class> <!-- driverfactory.driverscripts -->
    </test> <!-- Default test -->
  </suite> <!-- Default suite -->
</testng-results>
